Determining if the pthread_create exist failed with the following output:
Change Dir: /home/jens/workspace/googletest/CMakeFiles/CMakeTmp

Run Build Command:/usr/bin/make "cmTryCompileExec3934309245/fast"
/usr/bin/make -f CMakeFiles/cmTryCompileExec3934309245.dir/build.make CMakeFiles/cmTryCompileExec3934309245.dir/build
make[1]: Verzeichnis »/home/jens/workspace/googletest/CMakeFiles/CMakeTmp« wird betreten
/usr/bin/cmake -E cmake_progress_report /home/jens/workspace/googletest/CMakeFiles/CMakeTmp/CMakeFiles 1
Building C object CMakeFiles/cmTryCompileExec3934309245.dir/CheckSymbolExists.c.o
/usr/bin/cc    -o CMakeFiles/cmTryCompileExec3934309245.dir/CheckSymbolExists.c.o   -c /home/jens/workspace/googletest/CMakeFiles/CMakeTmp/CheckSymbolExists.c
Linking C executable cmTryCompileExec3934309245
/usr/bin/cmake -E cmake_link_script CMakeFiles/cmTryCompileExec3934309245.dir/link.txt --verbose=1
/usr/bin/cc       CMakeFiles/cmTryCompileExec3934309245.dir/CheckSymbolExists.c.o  -o cmTryCompileExec3934309245 -rdynamic 
CMakeFiles/cmTryCompileExec3934309245.dir/CheckSymbolExists.c.o: In Funktion `main':
CheckSymbolExists.c:(.text+0x16): Nicht definierter Verweis auf `pthread_create'
collect2: error: ld returned 1 exit status
make[1]: Verzeichnis »/home/jens/workspace/googletest/CMakeFiles/CMakeTmp« wird verlassen
make[1]: *** [cmTryCompileExec3934309245] Fehler 1
make: *** [cmTryCompileExec3934309245/fast] Fehler 2

File /home/jens/workspace/googletest/CMakeFiles/CMakeTmp/CheckSymbolExists.c:
/* */
#include <pthread.h>

int main(int argc, char** argv)
{
  (void)argv;
#ifndef pthread_create
  return ((int*)(&pthread_create))[argc];
#else
  (void)argc;
  return 0;
#endif
}

Determining if the function pthread_create exists in the pthreads failed with the following output:
Change Dir: /home/jens/workspace/googletest/CMakeFiles/CMakeTmp

Run Build Command:/usr/bin/make "cmTryCompileExec1824235819/fast"
/usr/bin/make -f CMakeFiles/cmTryCompileExec1824235819.dir/build.make CMakeFiles/cmTryCompileExec1824235819.dir/build
make[1]: Verzeichnis »/home/jens/workspace/googletest/CMakeFiles/CMakeTmp« wird betreten
/usr/bin/cmake -E cmake_progress_report /home/jens/workspace/googletest/CMakeFiles/CMakeTmp/CMakeFiles 1
Building C object CMakeFiles/cmTryCompileExec1824235819.dir/CheckFunctionExists.c.o
/usr/bin/cc   -DCHECK_FUNCTION_EXISTS=pthread_create   -o CMakeFiles/cmTryCompileExec1824235819.dir/CheckFunctionExists.c.o   -c /usr/share/cmake-2.8/Modules/CheckFunctionExists.c
Linking C executable cmTryCompileExec1824235819
/usr/bin/cmake -E cmake_link_script CMakeFiles/cmTryCompileExec1824235819.dir/link.txt --verbose=1
/usr/bin/cc   -DCHECK_FUNCTION_EXISTS=pthread_create    CMakeFiles/cmTryCompileExec1824235819.dir/CheckFunctionExists.c.o  -o cmTryCompileExec1824235819 -rdynamic -lpthreads 
/usr/bin/ld: cannot find -lpthreads
collect2: error: ld returned 1 exit status
make[1]: Verzeichnis »/home/jens/workspace/googletest/CMakeFiles/CMakeTmp« wird verlassen
make[1]: *** [cmTryCompileExec1824235819] Fehler 1
make: *** [cmTryCompileExec1824235819/fast] Fehler 2


